<?xml version="1.0" encoding="UTF-8"?>
<testsuite xmlns:xsi="http://www.w3.org/2001/XMLSchema-instance" xsi:noNamespaceSchemaLocation="https://maven.apache.org/surefire/maven-surefire-plugin/xsd/surefire-test-report.xsd" version="3.0.2" name="com.bajaj.assessment.AssessmentApplicationTests" time="7.336" tests="1" errors="0" skipped="0" failures="0">
  <properties>
[...]
</properties>
  <testcase name="contextLoads" classname="com.bajaj.assessment.AssessmentApplicationTests" time="2.005">
    <system-out><![CDATA[16:33:55.957 [main] INFO org.springframework.test.context.support.AnnotationConfigContextLoaderUtils -- Could not detect default configuration classes for test class [com.bajaj.assessment.AssessmentApplicationTests]: AssessmentApplicationTests does not declare any static, non-private, non-final, nested classes annotated with @Configuration.
16:33:56.236 [main] INFO org.springframework.boot.test.context.SpringBootTestContextBootstrapper -- Found @SpringBootConfiguration com.bajaj.assessment.AssessmentApplication for test class com.bajaj.assessment.AssessmentApplicationTests

  .   ____          _            __ _ _
 /\\ / ___'_ __ _ _(_)_ __  __ _ \ \ \ \
( ( )\___ | '_ | '_| | '_ \/ _` | \ \ \ \
 \\/  ___)| |_)| | | | | || (_| |  ) ) ) )
  '  |____| .__|_| |_|_| |_\__, | / / / /
 =========|_|==============|___/=/_/_/_/

 :: Spring Boot ::      (v3.4.13-SNAPSHOT)

2025-12-01T16:33:57.274+05:30  INFO 1320 --- [assessment] [           main] c.b.a.AssessmentApplicationTests         : Starting AssessmentApplicationTests using Java 23.0.1 with PID 1320 (started by Ashwin Oza in C:\Users\ashwin\Downloads\assessment\assessment)
2025-12-01T16:33:57.274+05:30  INFO 1320 --- [assessment] [           main] c.b.a.AssessmentApplicationTests         : No active profile set, falling back to 1 default profile: "default"
2025-12-01T16:34:00.050+05:30  INFO 1320 --- [assessment] [           main] c.b.a.AssessmentApplicationTests         : Started AssessmentApplicationTests in 3.437 seconds (process running for 5.465)
>>> APP STARTED. RUNNING ASSIGNMENT LOGIC...
>>> Sending request to generate webhook...
>>> Received Token: eyJhbGciOiJIUzI1NiJ9.eyJyZWdObyI6IjIyQkNFNzkzMiIsIm5hbWUiOiJPWkEgQVNIV0lOIEtVTUFSIFJBTUFOQkhBSSIsImVtYWlsIjoiYXNod2lua3VtYXIuMjJiY2U3OTMyQHZpdGFwc3R1ZGVudC5hYy5pbiIsInN1YiI6IndlYmhvb2stdXNlciIsImlhdCI6MTc2NDU4NzA0MCwiZXhwIjoxNzY0NTg3OTQwfQ.rHCEwJ6e7d-0W1sNzkeMsKD7hZo-K7yfSPGQKGJRC5c
>>> Target Webhook URL: https://bfhldevapigw.healthrx.co.in/hiring/testWebhook/JAVA
>>> Generated SQL Query: SELECT d.DEPARTMENT_NAME, AVG(TIMESTAMPDIFF(YEAR, e.DOB, NOW())) AS AVERAGE_AGE, SUBSTRING_INDEX(GROUP_CONCAT(CONCAT(e.FIRST_NAME, ' ', e.LAST_NAME) SEPARATOR ', '), ', ', 10) AS EMPLOYEE_LIST FROM EMPLOYEE e JOIN DEPARTMENT d ON e.DEPARTMENT = d.DEPARTMENT_ID JOIN PAYMENTS p ON e.EMP_ID = p.EMP_ID WHERE p.AMOUNT > 70000 GROUP BY d.DEPARTMENT_ID, d.DEPARTMENT_NAME ORDER BY d.DEPARTMENT_ID DESC;
>>> Submitting solution...
>>> SERVER RESPONSE: {"success":true,"message":"Webhook processed successfully"}
]]></system-out>
    <system-err><![CDATA[Mockito is currently self-attaching to enable the inline-mock-maker. This will no longer work in future releases of the JDK. Please add Mockito as an agent to your build what is described in Mockito's documentation: https://javadoc.io/doc/org.mockito/mockito-core/latest/org/mockito/Mockito.html#0.3
WARNING: A Java agent has been loaded dynamically (C:\Users\ashwin\.m2\repository\net\bytebuddy\byte-buddy-agent\1.15.11\byte-buddy-agent-1.15.11.jar)
WARNING: If a serviceability tool is in use, please run with -XX:+EnableDynamicAgentLoading to hide this warning
WARNING: If a serviceability tool is not in use, please run with -Djdk.instrument.traceUsage for more information
WARNING: Dynamic loading of agents will be disallowed by default in a future release
]]></system-err>
  </testcase>
</testsuite>